#
# There is insufficient memory for the Java Runtime Environment to continue.
# Native memory allocation (malloc) failed to allocate 1227088 bytes for Chunk::new
# Possible reasons:
#   The system is out of physical RAM or swap space
#   In 32 bit mode, the process size limit was hit
# Possible solutions:
#   Reduce memory load on the system
#   Increase physical memory or swap space
#   Check if swap backing store is full
#   Use 64 bit Java on a 64 bit OS
#   Decrease Java heap size (-Xmx/-Xms)
#   Decrease number of Java threads
#   Decrease Java thread stack sizes (-Xss)
#   Set larger code cache with -XX:ReservedCodeCacheSize=
# This output file may be truncated or incomplete.
#
#  Out of Memory Error (allocation.cpp:390), pid=13052, tid=0x0000000000005ee8
#
# JRE version: OpenJDK Runtime Environment (8.0_152-b06) (build 1.8.0_152-release-1136-b06)
# Java VM: OpenJDK 64-Bit Server VM (25.152-b06 mixed mode windows-amd64 compressed oops)
# Failed to write core dump. Minidumps are not enabled by default on client versions of Windows
#

---------------  T H R E A D  ---------------

Current thread (0x000000001664c000):  JavaThread "C2 CompilerThread1" daemon [_thread_in_native, id=24296, stack(0x0000000018050000,0x0000000018150000)]

Stack: [0x0000000018050000,0x0000000018150000]
[error occurred during error reporting (printing stack bounds), id 0xc0000005]

Native frames: (J=compiled Java code, j=interpreted, Vv=VM code, C=native code)


Current CompileTask:
C2:  72561 10751 %     4       com.sun.imageio.plugins.png.PNGImageWriter::encodePass @ 790 (1063 bytes)


---------------  P R O C E S S  ---------------

Java Threads: ( => current thread )
  0x000000001c2dc800 JavaThread "MarlinRenderer Disposer" daemon [_thread_blocked, id=6200, stack(0x0000000026600000,0x0000000026700000)]
  0x000000001c2d9800 JavaThread "Java2D Disposer" daemon [_thread_blocked, id=8052, stack(0x0000000026500000,0x0000000026600000)]
  0x000000001c2d8800 JavaThread "ForkJoinPool.commonPool-worker-3" daemon [_thread_blocked, id=8436, stack(0x0000000026200000,0x0000000026300000)]
  0x000000001c2db000 JavaThread "ForkJoinPool.commonPool-worker-2" daemon [_thread_blocked, id=24176, stack(0x0000000026100000,0x0000000026200000)]
  0x000000001c2d6800 JavaThread "ForkJoinPool.commonPool-worker-1" daemon [_thread_blocked, id=10092, stack(0x0000000026000000,0x0000000026100000)]
  0x000000001c2d7000 JavaThread "Cache worker for Build Output Cleanup Cache (C:\Users\taewoo\AndroidStudioProjects\firebaseStorage2\firebaseStorage2\.gradle\buildOutputCleanup)" [_thread_blocked, id=12012, stack(0x0000000025f00000,0x0000000026000000)]
  0x000000001c2d4000 JavaThread "Cache worker for task history cache (C:\Users\taewoo\AndroidStudioProjects\firebaseStorage2\firebaseStorage2\.gradle\4.10.1\taskHistory)" [_thread_blocked, id=12588, stack(0x0000000025e00000,0x0000000025f00000)]
  0x000000001c2d5000 JavaThread "Task worker for ':' Thread 3" [_thread_blocked, id=17452, stack(0x0000000025d00000,0x0000000025e00000)]
  0x000000001c154800 JavaThread "Task worker for ':' Thread 2" [_thread_in_Java, id=16976, stack(0x0000000025c00000,0x0000000025d00000)]
  0x000000001c15b000 JavaThread "Task worker for ':'" [_thread_blocked, id=14952, stack(0x0000000025b00000,0x0000000025c00000)]
  0x000000001c15a800 JavaThread "Cache worker for file content cache (C:\Users\taewoo\AndroidStudioProjects\firebaseStorage2\firebaseStorage2\.gradle\4.10.1\fileContent)" [_thread_blocked, id=18000, stack(0x0000000025a00000,0x0000000025b00000)]
  0x000000001c153000 JavaThread "Cache worker for file content cache (C:\Users\taewoo\.gradle\caches\4.10.1\fileContent)" [_thread_blocked, id=18104, stack(0x0000000025900000,0x0000000025a00000)]
  0x000000001c157800 JavaThread "Build operations Thread 4" [_thread_blocked, id=13716, stack(0x0000000025800000,0x0000000025900000)]
  0x000000001c158000 JavaThread "Build operations Thread 3" [_thread_blocked, id=10812, stack(0x0000000025700000,0x0000000025800000)]
  0x000000001c156000 JavaThread "Build operations Thread 2" [_thread_blocked, id=13340, stack(0x0000000025600000,0x0000000025700000)]
  0x000000001c159800 JavaThread "Build operations" [_thread_blocked, id=23300, stack(0x0000000025500000,0x0000000025600000)]
  0x000000001c151800 JavaThread "Cache worker for cache directory md-rule (C:\Users\taewoo\.gradle\caches\4.10.1\md-rule)" [_thread_blocked, id=4376, stack(0x0000000025400000,0x0000000025500000)]
  0x000000001c155000 JavaThread "Cache worker for cache directory md-supplier (C:\Users\taewoo\.gradle\caches\4.10.1\md-supplier)" [_thread_blocked, id=21132, stack(0x0000000025300000,0x0000000025400000)]
  0x000000001c150000 JavaThread "Cache worker for file hash cache (C:\Users\taewoo\AndroidStudioProjects\firebaseStorage2\firebaseStorage2\.gradle\4.10.1\fileHashes)" [_thread_blocked, id=18932, stack(0x0000000025200000,0x0000000025300000)]
  0x000000001c14c000 JavaThread "Stdin handler" [_thread_blocked, id=10788, stack(0x0000000025100000,0x0000000025200000)]
  0x000000001c14d000 JavaThread "Asynchronous log dispatcher for DefaultDaemonConnection: socket connection from /127.0.0.1:5293 to /127.0.0.1:5325" [_thread_blocked, id=3472, stack(0x0000000025000000,0x0000000025100000)]
  0x000000001955f000 JavaThread "Cancel handler" [_thread_blocked, id=9400, stack(0x0000000024f00000,0x0000000025000000)]
  0x0000000019563800 JavaThread "Handler for socket connection from /127.0.0.1:5293 to /127.0.0.1:5325" [_thread_in_native, id=21372, stack(0x0000000024e00000,0x0000000024f00000)]
  0x000000001c156800 JavaThread "Memory manager" [_thread_blocked, id=4888, stack(0x00000000215f0000,0x00000000216f0000)]
  0x000000001c14e800 JavaThread "Cache worker for Artifact transforms cache (C:\Users\taewoo\.gradle\caches\transforms-1)" [_thread_blocked, id=11412, stack(0x000000001fd20000,0x000000001fe20000)]
  0x000000001c14d800 JavaThread "Cache worker for journal cache (C:\Users\taewoo\.gradle\caches\journal-1)" [_thread_blocked, id=13168, stack(0x000000001e470000,0x000000001e570000)]
  0x0000000019560000 JavaThread "File lock request listener" [_thread_in_native, id=14980, stack(0x000000001bbd0000,0x000000001bcd0000)]
  0x0000000019566000 JavaThread "Cache worker for file hash cache (C:\Users\taewoo\.gradle\caches\4.10.1\fileHashes)" [_thread_blocked, id=26660, stack(0x000000001bad0000,0x000000001bbd0000)]
  0x0000000019564800 JavaThread "Daemon worker" [_thread_blocked, id=7064, stack(0x000000001a600000,0x000000001a700000)]
  0x0000000019562000 JavaThread "Daemon" [_thread_blocked, id=18520, stack(0x000000001a100000,0x000000001a200000)]
  0x0000000019563000 JavaThread "Daemon periodic checks" [_thread_in_native, id=6060, stack(0x000000001a000000,0x000000001a100000)]
  0x0000000019560800 JavaThread "Incoming local TCP Connector on port 5293" [_thread_in_native, id=8444, stack(0x0000000019e20000,0x0000000019f20000)]
  0x00000000179d2000 JavaThread "Service Thread" daemon [_thread_blocked, id=27428, stack(0x0000000018250000,0x0000000018350000)]
  0x000000001795d000 JavaThread "C1 CompilerThread2" daemon [_thread_in_vm, id=22756, stack(0x0000000018150000,0x0000000018250000)]
=>0x000000001664c000 JavaThread "C2 CompilerThread1" daemon [_thread_in_native, id=24296, stack(0x0000000018050000,0x0000000018150000)]
  0x0000000016649800 JavaThread "C2 CompilerThread0" daemon [_thread_in_native, id=5564, stack(0x0000000017f50000,0x0000000018050000)]
  0x0000000016603000 JavaThread "Attach Listener" daemon [_thread_blocked, id=27500, stack(0x0000000017e50000,0x0000000017f50000)]
  0x0000000017958800 JavaThread "Signal Dispatcher" daemon [_thread_blocked, id=17228, stack(0x0000000017d50000,0x0000000017e50000)]
  0x0000000002c7d800 JavaThread "Finalizer" daemon [_thread_blocked, id=15460, stack(0x0000000017850000,0x0000000017950000)]
  0x0000000002c73000 JavaThread "Reference Handler" daemon [_thread_blocked, id=13296, stack(0x0000000017750000,0x0000000017850000)]
  0x0000000002b7e800 JavaThread "main" [_thread_blocked, id=11012, stack(0x00000000029c0000,0x0000000002ac0000)]

Other Threads:
  0x00000000165b5800 VMThread [stack: 0x0000000017650000,0x0000000017750000] [id=18588]
  0x00000000179d7000 WatcherThread [stack: 0x0000000018350000,0x0000000018450000] [id=16016]

VM state:not at safepoint (normal execution)

VM Mutex/Monitor currently owned by a thread: None

Heap:
 PSYoungGen      total 227328K, used 150117K [0x00000000e0000000, 0x00000000f0500000, 0x0000000100000000)
  eden space 203264K, 63% used [0x00000000e0000000,0x00000000e7ded890,0x00000000ec680000)
  from space 24064K, 87% used [0x00000000edf80000,0x00000000ef42be68,0x00000000ef700000)
  to   space 25600K, 0% used [0x00000000ec680000,0x00000000ec680000,0x00000000edf80000)
 ParOldGen       total 230912K, used 47590K [0x00000000a0000000, 0x00000000ae180000, 0x00000000e0000000)
  object space 230912K, 20% used [0x00000000a0000000,0x00000000a2e79898,0x00000000ae180000)
 Metaspace       used 74946K, capacity 77556K, committed 77848K, reserved 1116160K
  class space    used 9753K, capacity 10416K, committed 10520K, reserved 1048576K

Card table byte_map: [0x0000000012040000,0x0000000012350000] byte_map_base: 0x0000000011b40000

Marking Bits: (ParMarkBitMap*) 0x00000000752b5aa0
 Begin Bits: [0x0000000012950000, 0x0000000014150000)
 End Bits:   [0x0000000014150000, 0x0000000015950000)

Polling page: 0x00000000009f0000

CodeCache: size=245760Kb used=32763Kb max_used=32763Kb free=212996Kb
 bounds [0x0000000002c80000, 0x0000000004cb0000, 0x0000000011c80000]
 total_blobs=10511 nmethods=9595 adapters=827
 compilation: enabled

Compilation events (10 events):
Event: 72.534 Thread 0x000000001795d000 11049       3       com.android.ide.common.resources.ResourceMergerItem::addExtraAttributes (16 bytes)
Event: 72.534 Thread 0x000000001795d000 nmethod 11049 0x0000000004c9a790 code [0x0000000004c9a900, 0x0000000004c9ab48]
Event: 72.551 Thread 0x000000001795d000 11053       2       com.android.utils.XmlUtils::append (540 bytes)
Event: 72.553 Thread 0x000000001795d000 nmethod 11053 0x0000000004c9ac10 code [0x0000000004c9b080, 0x0000000004c9c098]
Event: 72.555 Thread 0x000000001795d000 11054       2       com.android.utils.XmlUtils::toXmlAttributeValue (89 bytes)
Event: 72.555 Thread 0x000000001795d000 nmethod 11054 0x0000000004c9d4d0 code [0x0000000004c9d660, 0x0000000004c9db08]
Event: 72.556 Thread 0x000000001795d000 11055 %     3       com.android.utils.XmlUtils::toXmlAttributeValue @ 7 (89 bytes)
Event: 72.556 Thread 0x000000001795d000 nmethod 11055% 0x0000000004c9de90 code [0x0000000004c9e0a0, 0x0000000004c9ed68]
Event: 72.556 Thread 0x000000001795d000 11056       3       com.android.utils.XmlUtils::toXmlAttributeValue (89 bytes)
Event: 72.557 Thread 0x000000001795d000 nmethod 11056 0x0000000004c9f310 code [0x0000000004c9f520, 0x0000000004ca01a8]

GC Heap History (10 events):
Event: 8.758 GC heap before
{Heap before GC invocations=11 (full 2):
 PSYoungGen      total 160256K, used 62034K [0x00000000e0000000, 0x00000000eb280000, 0x0000000100000000)
  eden space 144896K, 32% used [0x00000000e0000000,0x00000000e2d986e0,0x00000000e8d80000)
  from space 15360K, 99% used [0x00000000e9f00000,0x00000000eadfc3d8,0x00000000eae00000)
  to   space 17920K, 0% used [0x00000000e8d80000,0x00000000e8d80000,0x00000000e9f00000)
 ParOldGen       total 159744K, used 22487K [0x00000000a0000000, 0x00000000a9c00000, 0x00000000e0000000)
  object space 159744K, 14% used [0x00000000a0000000,0x00000000a15f5c90,0x00000000a9c00000)
 Metaspace       used 57584K, capacity 59016K, committed 59160K, reserved 1099776K
  class space    used 7685K, capacity 8128K, committed 8216K, reserved 1048576K
Event: 8.772 GC heap after
Heap after GC invocations=11 (full 2):
 PSYoungGen      total 162816K, used 17896K [0x00000000e0000000, 0x00000000ee480000, 0x0000000100000000)
  eden space 144896K, 0% used [0x00000000e0000000,0x00000000e0000000,0x00000000e8d80000)
  from space 17920K, 99% used [0x00000000e8d80000,0x00000000e9efa190,0x00000000e9f00000)
  to   space 19968K, 0% used [0x00000000ed100000,0x00000000ed100000,0x00000000ee480000)
 ParOldGen       total 159744K, used 22725K [0x00000000a0000000, 0x00000000a9c00000, 0x00000000e0000000)
  object space 159744K, 14% used [0x00000000a0000000,0x00000000a1631410,0x00000000a9c00000)
 Metaspace       used 57584K, capacity 59016K, committed 59160K, reserved 1099776K
  class space    used 7685K, capacity 8128K, committed 8216K, reserved 1048576K
}
Event: 8.772 GC heap before
{Heap before GC invocations=12 (full 3):
 PSYoungGen      total 162816K, used 17896K [0x00000000e0000000, 0x00000000ee480000, 0x0000000100000000)
  eden space 144896K, 0% used [0x00000000e0000000,0x00000000e0000000,0x00000000e8d80000)
  from space 17920K, 99% used [0x00000000e8d80000,0x00000000e9efa190,0x00000000e9f00000)
  to   space 19968K, 0% used [0x00000000ed100000,0x00000000ed100000,0x00000000ee480000)
 ParOldGen       total 159744K, used 22725K [0x00000000a0000000, 0x00000000a9c00000, 0x00000000e0000000)
  object space 159744K, 14% used [0x00000000a0000000,0x00000000a1631410,0x00000000a9c00000)
 Metaspace       used 57584K, capacity 59016K, committed 59160K, reserved 1099776K
  class space    used 7685K, capacity 8128K, committed 8216K, reserved 1048576K
Event: 8.970 GC heap after
Heap after GC invocations=12 (full 3):
 PSYoungGen      total 162816K, used 0K [0x00000000e0000000, 0x00000000ee480000, 0x0000000100000000)
  eden space 144896K, 0% used [0x00000000e0000000,0x00000000e0000000,0x00000000e8d80000)
  from space 17920K, 0% used [0x00000000e8d80000,0x00000000e8d80000,0x00000000e9f00000)
  to   space 19968K, 0% used [0x00000000ed100000,0x00000000ed100000,0x00000000ee480000)
 ParOldGen       total 230912K, used 32934K [0x00000000a0000000, 0x00000000ae180000, 0x00000000e0000000)
  object space 230912K, 14% used [0x00000000a0000000,0x00000000a2029a38,0x00000000ae180000)
 Metaspace       used 57584K, capacity 59016K, committed 59160K, reserved 1099776K
  class space    used 7685K, capacity 8128K, committed 8216K, reserved 1048576K
}
Event: 10.634 GC heap before
{Heap before GC invocations=13 (full 3):
 PSYoungGen      total 162816K, used 144896K [0x00000000e0000000, 0x00000000ee480000, 0x0000000100000000)
  eden space 144896K, 100% used [0x00000000e0000000,0x00000000e8d80000,0x00000000e8d80000)
  from space 17920K, 0% used [0x00000000e8d80000,0x00000000e8d80000,0x00000000e9f00000)
  to   space 19968K, 0% used [0x00000000ed100000,0x00000000ed100000,0x00000000ee480000)
 ParOldGen       total 230912K, used 32934K [0x00000000a0000000, 0x00000000ae180000, 0x00000000e0000000)
  object space 230912K, 14% used [0x00000000a0000000,0x00000000a2029a38,0x00000000ae180000)
 Metaspace       used 62738K, capacity 64448K, committed 64536K, reserved 1105920K
  class space    used 8535K, capacity 8969K, committed 8984K, reserved 1048576K
Event: 10.646 GC heap after
Heap after GC invocations=13 (full 3):
 PSYoungGen      total 187904K, used 13838K [0x00000000e0000000, 0x00000000edf00000, 0x0000000100000000)
  eden space 173568K, 0% used [0x00000000e0000000,0x00000000e0000000,0x00000000ea980000)
  from space 14336K, 96% used [0x00000000ed100000,0x00000000ede83998,0x00000000edf00000)
  to   space 19968K, 0% used [0x00000000eb800000,0x00000000eb800000,0x00000000ecb80000)
 ParOldGen       total 230912K, used 32942K [0x00000000a0000000, 0x00000000ae180000, 0x00000000e0000000)
  object space 230912K, 14% used [0x00000000a0000000,0x00000000a202ba38,0x00000000ae180000)
 Metaspace       used 62738K, capacity 64448K, committed 64536K, reserved 1105920K
  class space    used 8535K, capacity 8969K, committed 8984K, reserved 1048576K
}
Event: 12.576 GC heap before
{Heap before GC invocations=14 (full 3):
 PSYoungGen      total 187904K, used 187406K [0x00000000e0000000, 0x00000000edf00000, 0x0000000100000000)
  eden space 173568K, 100% used [0x00000000e0000000,0x00000000ea980000,0x00000000ea980000)
  from space 14336K, 96% used [0x00000000ed100000,0x00000000ede83998,0x00000000edf00000)
  to   space 19968K, 0% used [0x00000000eb800000,0x00000000eb800000,0x00000000ecb80000)
 ParOldGen       total 230912K, used 32942K [0x00000000a0000000, 0x00000000ae180000, 0x00000000e0000000)
  object space 230912K, 14% used [0x00000000a0000000,0x00000000a202ba38,0x00000000ae180000)
 Metaspace       used 66132K, capacity 68332K, committed 68632K, reserved 1107968K
  class space    used 8929K, capacity 9429K, committed 9496K, reserved 1048576K
Event: 12.593 GC heap after
Heap after GC invocations=14 (full 3):
 PSYoungGen      total 208384K, used 19940K [0x00000000e0000000, 0x00000000ef700000, 0x0000000100000000)
  eden space 188416K, 0% used [0x00000000e0000000,0x00000000e0000000,0x00000000eb800000)
  from space 19968K, 99% used [0x00000000eb800000,0x00000000ecb79090,0x00000000ecb80000)
  to   space 24064K, 0% used [0x00000000edf80000,0x00000000edf80000,0x00000000ef700000)
 ParOldGen       total 230912K, used 38217K [0x00000000a0000000, 0x00000000ae180000, 0x00000000e0000000)
  object space 230912K, 16% used [0x00000000a0000000,0x00000000a25527d8,0x00000000ae180000)
 Metaspace       used 66132K, capacity 68332K, committed 68632K, reserved 1107968K
  class space    used 8929K, capacity 9429K, committed 9496K, reserved 1048576K
}
Event: 69.266 GC heap before
{Heap before GC invocations=15 (full 3):
 PSYoungGen      total 208384K, used 208356K [0x00000000e0000000, 0x00000000ef700000, 0x0000000100000000)
  eden space 188416K, 100% used [0x00000000e0000000,0x00000000eb800000,0x00000000eb800000)
  from space 19968K, 99% used [0x00000000eb800000,0x00000000ecb79090,0x00000000ecb80000)
  to   space 24064K, 0% used [0x00000000edf80000,0x00000000edf80000,0x00000000ef700000)
 ParOldGen       total 230912K, used 38217K [0x00000000a0000000, 0x00000000ae180000, 0x00000000e0000000)
  object space 230912K, 16% used [0x00000000a0000000,0x00000000a25527d8,0x00000000ae180000)
 Metaspace       used 72072K, capacity 74724K, committed 75032K, reserved 1114112K
  class space    used 9498K, capacity 10156K, committed 10264K, reserved 1048576K
Event: 69.296 GC heap after
Heap after GC invocations=15 (full 3):
 PSYoungGen      total 227328K, used 21167K [0x00000000e0000000, 0x00000000f0500000, 0x0000000100000000)
  eden space 203264K, 0% used [0x00000000e0000000,0x00000000e0000000,0x00000000ec680000)
  from space 24064K, 87% used [0x00000000edf80000,0x00000000ef42be68,0x00000000ef700000)
  to   space 25600K, 0% used [0x00000000ec680000,0x00000000ec680000,0x00000000edf80000)
 ParOldGen       total 230912K, used 47590K [0x00000000a0000000, 0x00000000ae180000, 0x00000000e0000000)
  object space 230912K, 20% used [0x00000000a0000000,0x00000000a2e79898,0x00000000ae180000)
 Metaspace       used 72072K, capacity 74724K, committed 75032K, reserved 1114112K
  class space    used 9498K, capacity 10156K, committed 10264K, reserved 1048576K
}

Deoptimization events (10 events):
Event: 72.522 Thread 0x000000001c154800 Uncommon trap: reason=bimorphic action=maybe_recompile pc=0x0000000004c03530 method=com.android.ide.common.resources.NodeUtils.updateNamespace(Lorg/w3c/dom/Node;Lorg/w3c/dom/Document;)V @ 119
Event: 72.522 Thread 0x000000001c154800 Uncommon trap: reason=bimorphic action=maybe_recompile pc=0x0000000004c03530 method=com.android.ide.common.resources.NodeUtils.updateNamespace(Lorg/w3c/dom/Node;Lorg/w3c/dom/Document;)V @ 119
Event: 72.522 Thread 0x000000001c154800 Uncommon trap: reason=bimorphic action=maybe_recompile pc=0x0000000004c03530 method=com.android.ide.common.resources.NodeUtils.updateNamespace(Lorg/w3c/dom/Node;Lorg/w3c/dom/Document;)V @ 119
Event: 72.523 Thread 0x000000001c154800 Uncommon trap: reason=unstable_if action=reinterpret pc=0x0000000004beeddc method=com.google.common.collect.AbstractMapBasedMultimap$WrappedCollection.refreshIfEmpty()V @ 45
Event: 72.526 Thread 0x000000001c154800 Uncommon trap: reason=class_check action=maybe_recompile pc=0x0000000004bee570 method=com.sun.org.apache.xerces.internal.dom.ElementImpl.getAttributes()Lorg/w3c/dom/NamedNodeMap; @ 8
Event: 72.527 Thread 0x000000001c154800 Uncommon trap: reason=class_check action=maybe_recompile pc=0x0000000004bee570 method=com.sun.org.apache.xerces.internal.dom.ElementImpl.getAttributes()Lorg/w3c/dom/NamedNodeMap; @ 8
Event: 72.527 Thread 0x000000001c154800 Uncommon trap: reason=class_check action=maybe_recompile pc=0x0000000004bee570 method=com.sun.org.apache.xerces.internal.dom.ElementImpl.getAttributes()Lorg/w3c/dom/NamedNodeMap; @ 8
Event: 72.527 Thread 0x000000001c154800 Uncommon trap: reason=class_check action=maybe_recompile pc=0x0000000004bee570 method=com.sun.org.apache.xerces.internal.dom.ElementImpl.getAttributes()Lorg/w3c/dom/NamedNodeMap; @ 8
Event: 72.551 Thread 0x000000001c154800 Uncommon trap: reason=unstable_if action=reinterpret pc=0x0000000004bf758c method=com.android.utils.XmlUtils.toXmlAttributeValue(Ljava/lang/String;)Ljava/lang/String; @ 33
Event: 72.551 Thread 0x000000001c154800 Uncommon trap: reason=unstable_if action=reinterpret pc=0x0000000004b13bf8 method=com.android.utils.XmlUtils.toXmlAttributeValue(Ljava/lang/String;)Ljava/lang/String; @ 33

Classes redefined (0 events):
No events

Internal exceptions (10 events):
Event: 66.778 Thread 0x0000000019564800 Exception <a 'sun/nio/fs/WindowsException'> (0x00000000e6a992e8) thrown at [D:\src\AOSP-openjdk-cygwin\jdk8u\hotspot\src\share\vm\prims\jni.cpp, line 709]
Event: 68.434 Thread 0x000000001c2d5000 Exception <a 'sun/nio/fs/WindowsException'> (0x00000000ea78a5a8) thrown at [D:\src\AOSP-openjdk-cygwin\jdk8u\hotspot\src\share\vm\prims\jni.cpp, line 709]
Event: 68.449 Thread 0x000000001c154800 Exception <a 'java/lang/NoSuchMethodError': <clinit>> (0x00000000e8e46c68) thrown at [D:\src\AOSP-openjdk-cygwin\jdk8u\hotspot\src\share\vm\prims\jni.cpp, line 1613]
Event: 68.450 Thread 0x000000001c154800 Exception <a 'java/lang/NoSuchMethodError': <clinit>> (0x00000000e8e50768) thrown at [D:\src\AOSP-openjdk-cygwin\jdk8u\hotspot\src\share\vm\prims\jni.cpp, line 1613]
Event: 68.451 Thread 0x000000001c154800 Exception <a 'java/lang/NoSuchMethodError': <clinit>> (0x00000000e8e66a10) thrown at [D:\src\AOSP-openjdk-cygwin\jdk8u\hotspot\src\share\vm\prims\jni.cpp, line 1613]
Event: 68.451 Thread 0x000000001c154800 Exception <a 'java/lang/NoSuchMethodError': <clinit>> (0x00000000e8e71b78) thrown at [D:\src\AOSP-openjdk-cygwin\jdk8u\hotspot\src\share\vm\prims\jni.cpp, line 1613]
Event: 68.455 Thread 0x000000001c154800 Exception <a 'sun/nio/fs/WindowsException'> (0x00000000e8e7aa00) thrown at [D:\src\AOSP-openjdk-cygwin\jdk8u\hotspot\src\share\vm\prims\jni.cpp, line 709]
Event: 71.185 Thread 0x000000001c154800 Implicit null exception at 0x0000000004ae5597 to 0x0000000004ae58dd
Event: 71.212 Thread 0x000000001c2d6800 Exception <a 'java/io/FileNotFoundException'> (0x00000000e5836ec8) thrown at [D:\src\AOSP-openjdk-cygwin\jdk8u\hotspot\src\share\vm\prims\jni.cpp, line 709]
Event: 71.233 Thread 0x000000001c2d6800 Exception <a 'java/io/FileNotFoundException'> (0x00000000e5851e70) thrown at [D:\src\AOSP-openjdk-cygwin\jdk8u\hotspot\src\share\vm\prims\jni.cpp, line 709]

Events (10 events):
Event: 72.527 Thread 0x000000001c154800 DEOPT PACKING pc=0x0000000004bee570 sp=0x0000000025cfcbf0
Event: 72.527 Thread 0x000000001c154800 DEOPT UNPACKING pc=0x0000000002cc557b sp=0x0000000025cfcbb0 mode 2
Event: 72.551 Thread 0x000000001c154800 Uncommon trap: trap_request=0xffffff65 fr.pc=0x0000000004bf758c
Event: 72.551 Thread 0x000000001c154800 DEOPT PACKING pc=0x0000000004bf758c sp=0x0000000025cfcb90
Event: 72.551 Thread 0x000000001c154800 DEOPT UNPACKING pc=0x0000000002cc557b sp=0x0000000025cfcb20 mode 2
Event: 72.551 Thread 0x000000001c154800 Uncommon trap: trap_request=0xffffff65 fr.pc=0x0000000004b13bf8
Event: 72.551 Thread 0x000000001c154800 DEOPT PACKING pc=0x0000000004b13bf8 sp=0x0000000025cfcb80
Event: 72.551 Thread 0x000000001c154800 DEOPT UNPACKING pc=0x0000000002cc557b sp=0x0000000025cfcb10 mode 2
Event: 72.557 Thread 0x000000001c154800 DEOPT PACKING pc=0x0000000004c9d9a7 sp=0x0000000025cfc640
Event: 72.557 Thread 0x000000001c154800 DEOPT UNPACKING pc=0x0000000002cc75d0 sp=0x0000000025cfc3a8 mode 0


Dynamic libraries:
0x00007ff754da0000 - 0x00007ff754dd1000 	C:\Program Files\Android\Android Studio\jre\bin\java.exe
0x00007ffa49ad0000 - 0x00007ffa49cbd000 	C:\WINDOWS\SYSTEM32\ntdll.dll
0x00007ffa47390000 - 0x00007ffa47443000 	C:\WINDOWS\System32\KERNEL32.DLL
0x00007ffa46410000 - 0x00007ffa466a3000 	C:\WINDOWS\System32\KERNELBASE.dll
0x00007ffa474b0000 - 0x00007ffa47553000 	C:\WINDOWS\System32\ADVAPI32.dll
0x00007ffa48dc0000 - 0x00007ffa48e5e000 	C:\WINDOWS\System32\msvcrt.dll
0x00007ffa47030000 - 0x00007ffa470ce000 	C:\WINDOWS\System32\sechost.dll
0x00007ffa470d0000 - 0x00007ffa471f2000 	C:\WINDOWS\System32\RPCRT4.dll
0x00007ffa49900000 - 0x00007ffa49a97000 	C:\WINDOWS\System32\USER32.dll
0x00007ffa468f0000 - 0x00007ffa46910000 	C:\WINDOWS\System32\win32u.dll
0x00007ffa498d0000 - 0x00007ffa498f9000 	C:\WINDOWS\System32\GDI32.dll
0x00007ffa46750000 - 0x00007ffa468ea000 	C:\WINDOWS\System32\gdi32full.dll
0x00007ffa466b0000 - 0x00007ffa46750000 	C:\WINDOWS\System32\msvcp_win.dll
0x00007ffa46910000 - 0x00007ffa46a0a000 	C:\WINDOWS\System32\ucrtbase.dll
0x00007ffa32710000 - 0x00007ffa32989000 	C:\WINDOWS\WinSxS\amd64_microsoft.windows.common-controls_6595b64144ccf1df_6.0.17763.379_none_05b83be8071c94a1\COMCTL32.dll
0x00007ffa46d00000 - 0x00007ffa4702d000 	C:\WINDOWS\System32\combase.dll
0x00007ffa46390000 - 0x00007ffa4640e000 	C:\WINDOWS\System32\bcryptPrimitives.dll
0x00007ffa472a0000 - 0x00007ffa472ce000 	C:\WINDOWS\System32\IMM32.DLL
0x0000000074a10000 - 0x0000000074ae2000 	C:\Program Files\Android\Android Studio\jre\jre\bin\msvcr100.dll
0x0000000074af0000 - 0x0000000075331000 	C:\Program Files\Android\Android Studio\jre\jre\bin\server\jvm.dll
0x00007ffa49450000 - 0x00007ffa49458000 	C:\WINDOWS\System32\PSAPI.DLL
0x00007ffa3e230000 - 0x00007ffa3e254000 	C:\WINDOWS\SYSTEM32\WINMM.dll
0x00007ffa41350000 - 0x00007ffa4135a000 	C:\WINDOWS\SYSTEM32\VERSION.dll
0x00007ffa42e70000 - 0x00007ffa42e79000 	C:\WINDOWS\SYSTEM32\WSOCK32.dll
0x00007ffa495f0000 - 0x00007ffa4965d000 	C:\WINDOWS\System32\WS2_32.dll
0x00007ffa3e200000 - 0x00007ffa3e22d000 	C:\WINDOWS\SYSTEM32\winmmbase.dll
0x00007ffa45ba0000 - 0x00007ffa45bea000 	C:\WINDOWS\System32\cfgmgr32.dll
0x00007ffa42e60000 - 0x00007ffa42e6f000 	C:\Program Files\Android\Android Studio\jre\jre\bin\verify.dll
0x00007ffa3df20000 - 0x00007ffa3df49000 	C:\Program Files\Android\Android Studio\jre\jre\bin\java.dll
0x00007ffa42ac0000 - 0x00007ffa42ad6000 	C:\Program Files\Android\Android Studio\jre\jre\bin\zip.dll
0x00007ffa478d0000 - 0x00007ffa48dc0000 	C:\WINDOWS\System32\SHELL32.dll
0x00007ffa497c0000 - 0x00007ffa49868000 	C:\WINDOWS\System32\shcore.dll
0x00007ffa45c40000 - 0x00007ffa4638a000 	C:\WINDOWS\System32\windows.storage.dll
0x00007ffa45b70000 - 0x00007ffa45b94000 	C:\WINDOWS\System32\profapi.dll
0x00007ffa45ad0000 - 0x00007ffa45b2d000 	C:\WINDOWS\System32\powrprof.dll
0x00007ffa472d0000 - 0x00007ffa47322000 	C:\WINDOWS\System32\shlwapi.dll
0x00007ffa45b30000 - 0x00007ffa45b41000 	C:\WINDOWS\System32\kernel.appcore.dll
0x00007ffa45c20000 - 0x00007ffa45c37000 	C:\WINDOWS\System32\cryptsp.dll
0x00007ffa405a0000 - 0x00007ffa405ba000 	C:\Program Files\Android\Android Studio\jre\jre\bin\net.dll
0x00007ffa45350000 - 0x00007ffa453b7000 	C:\WINDOWS\system32\mswsock.dll
0x00007ffa3dee0000 - 0x00007ffa3def1000 	C:\Program Files\Android\Android Studio\jre\jre\bin\nio.dll
0x00007ffa3d7f0000 - 0x00007ffa3d80e000 	C:\Users\taewoo\.gradle\native\25\windows-amd64\native-platform.dll
0x00007ffa3dfa0000 - 0x00007ffa3dfad000 	C:\Program Files\Android\Android Studio\jre\jre\bin\management.dll
0x00007ffa44eb0000 - 0x00007ffa44ee3000 	C:\WINDOWS\system32\rsaenh.dll
0x00007ffa45bf0000 - 0x00007ffa45c16000 	C:\WINDOWS\System32\bcrypt.dll
0x00007ffa459d0000 - 0x00007ffa459f8000 	C:\WINDOWS\SYSTEM32\USERENV.dll
0x00007ffa45520000 - 0x00007ffa4552c000 	C:\WINDOWS\SYSTEM32\CRYPTBASE.dll
0x00007ffa450b0000 - 0x00007ffa450ed000 	C:\WINDOWS\SYSTEM32\IPHLPAPI.DLL
0x00007ffa49530000 - 0x00007ffa49538000 	C:\WINDOWS\System32\NSI.dll
0x00007ffa40c70000 - 0x00007ffa40c86000 	C:\WINDOWS\SYSTEM32\dhcpcsvc6.DLL
0x00007ffa40c50000 - 0x00007ffa40c6c000 	C:\WINDOWS\SYSTEM32\dhcpcsvc.DLL
0x00007ffa450f0000 - 0x00007ffa451b6000 	C:\WINDOWS\SYSTEM32\DNSAPI.dll
0x00007ffa1eee0000 - 0x00007ffa1f077000 	C:\Program Files\Android\Android Studio\jre\jre\bin\awt.dll
0x00007ffa49460000 - 0x00007ffa4952b000 	C:\WINDOWS\System32\OLEAUT32.dll
0x00007ffa431a0000 - 0x00007ffa4375e000 	C:\WINDOWS\SYSTEM32\d2d1.dll
0x00007ffa44040000 - 0x00007ffa440cc000 	C:\WINDOWS\SYSTEM32\apphelp.dll
0x00007ffa44520000 - 0x00007ffa4454e000 	C:\WINDOWS\system32\DWMAPI.DLL
0x00007ffa46a10000 - 0x00007ffa46beb000 	C:\WINDOWS\System32\CRYPT32.dll
0x00007ffa45b50000 - 0x00007ffa45b62000 	C:\WINDOWS\System32\MSASN1.dll
0x00007ffa44110000 - 0x00007ffa441ac000 	C:\WINDOWS\system32\uxtheme.dll

VM Arguments:
jvm_args: -Xmx1536m -Dfile.encoding=x-windows-949 -Duser.country=KR -Duser.language=ko -Duser.variant 
java_command: org.gradle.launcher.daemon.bootstrap.GradleDaemon 4.10.1
java_class_path (initial): C:\Users\taewoo\.gradle\wrapper\dists\gradle-4.10.1-all\455itskqi2qtf0v2sja68alqd\gradle-4.10.1\lib\gradle-launcher-4.10.1.jar
Launcher Type: SUN_STANDARD

Environment Variables:
JAVA_HOME=C:\Program Files\Java\jdk-9.0.4
CLASSPATH=C:\Program Files\Java\jdk-9.0.4lib
PATH=C:\Program Files (x86)\NAT Service;C:\WINDOWS\system32;C:\WINDOWS;C:\WINDOWS\system32\Wbem;C:\ProgramData\Oracle\Java\javapath;C:\WINDOWS\System32\WindowsPowerShell\v1.0\;C:\Program Files\Java\jdk-9.0.4\bin;C:\WINDOWS\System32\OpenSSH\;;C:\WINDOWS\System32\Wbem;C:\Users\taewoo\AppData\Local\Programs\Python\Python36\Scripts\;C:\Users\taewoo\AppData\Local\Programs\Python\Python36\;C:\Users\taewoo\AppData\Local\Programs\Python\Python36-32\Scripts\;C:\Users\taewoo\AppData\Local\Programs\Python\Python36-32\;C:\Users\taewoo\AppData\Local\Microsoft\WindowsApps;C:\Program Files\Java\jdk-9.0.4\bin;C:\Program Files\Java\jre-9.0.4\bin;C:\Users\taewoo\AppData\Local\atom\bin;C:\Users\taewoo\AppData\Local\Programs\Fiddler;C:\Users\taewoo\AppData\Local\Microsoft\WindowsApps;;C:\Program Files (x86)\ESTsoft\ALSee\x64
USERNAME=taewoo
OS=Windows_NT
PROCESSOR_IDENTIFIER=Intel64 Family 6 Model 158 Stepping 9, GenuineIntel



---------------  S Y S T E M  ---------------

OS: Windows 10.0 , 64 bit Build 17763 (10.0.17763.379)

CPU:total 4 (initial active 4) (4 cores per cpu, 1 threads per core) family 6 model 158 stepping 9, cmov, cx8, fxsr, mmx, sse, sse2, sse3, ssse3, sse4.1, sse4.2, popcnt, avx, avx2, aes, clmul, erms, rtm, 3dnowpref, lzcnt, tsc, tscinvbit, bmi1, bmi2, adx

Memory: 4k page, physical 16639832k(9252360k free), swap 26880260k(5420k free)

vm_info: OpenJDK 64-Bit Server VM (25.152-b06) for windows-amd64 JRE (1.8.0_152-release-1136-b06), built by "builder" with MS VC++ 10.0 (VS2010)

time: Fri Apr 05 00:38:38 2019
elapsed time: 72 seconds (0d 0h 1m 12s)

